C:\USERS\ACIERTZ\DOCUMENTS\GITHUB\GAME-OF-LIFE\DEBUG\GAMEOFLIFE.EXE
C:\USERS\ACIERTZ\DOCUMENTS\GITHUB\GAME-OF-LIFE\DEBUG\GAMEOFLIFE.ILK
C:\USERS\ACIERTZ\DOCUMENTS\GITHUB\GAME-OF-LIFE\DEBUG\GAMEOFLIFE.PDB
C:\Users\ACiertz\Documents\GitHub\game-of-life\GameOfLife\Debug\cl.command.1.tlog
C:\Users\ACiertz\Documents\GitHub\game-of-life\GameOfLife\Debug\CL.read.1.tlog
C:\Users\ACiertz\Documents\GitHub\game-of-life\GameOfLife\Debug\CL.write.1.tlog
C:\USERS\ACIERTZ\DOCUMENTS\GITHUB\GAME-OF-LIFE\GAMEOFLIFE\DEBUG\GAMEOFLIFE.EXE.EMBED.MANIFEST
C:\USERS\ACIERTZ\DOCUMENTS\GITHUB\GAME-OF-LIFE\GAMEOFLIFE\DEBUG\GAMEOFLIFE.EXE.EMBED.MANIFEST.RES
C:\USERS\ACIERTZ\DOCUMENTS\GITHUB\GAME-OF-LIFE\GAMEOFLIFE\DEBUG\GAMEOFLIFE.EXE.INTERMEDIATE.MANIFEST
C:\Users\ACiertz\Documents\GitHub\game-of-life\GameOfLife\Debug\GameOfLife_manifest.rc
C:\Users\ACiertz\Documents\GitHub\game-of-life\GameOfLife\Debug\link.7780.read.1.tlog
C:\Users\ACiertz\Documents\GitHub\game-of-life\GameOfLife\Debug\link.7780.write.1.tlog
C:\Users\ACiertz\Documents\GitHub\game-of-life\GameOfLife\Debug\link.7780-cvtres.read.1.tlog
C:\Users\ACiertz\Documents\GitHub\game-of-life\GameOfLife\Debug\link.7780-cvtres.write.1.tlog
C:\Users\ACiertz\Documents\GitHub\game-of-life\GameOfLife\Debug\link.command.1.tlog
C:\Users\ACiertz\Documents\GitHub\game-of-life\GameOfLife\Debug\link.read.1.tlog
C:\Users\ACiertz\Documents\GitHub\game-of-life\GameOfLife\Debug\link.write.1.tlog
C:\Users\ACiertz\Documents\GitHub\game-of-life\GameOfLife\Debug\link-cvtres.read.1.tlog
C:\Users\ACiertz\Documents\GitHub\game-of-life\GameOfLife\Debug\link-cvtres.write.1.tlog
C:\USERS\ACIERTZ\DOCUMENTS\GITHUB\GAME-OF-LIFE\GAMEOFLIFE\DEBUG\MAIN.OBJ
C:\Users\ACiertz\Documents\GitHub\game-of-life\GameOfLife\Debug\mt.command.1.tlog
C:\Users\ACiertz\Documents\GitHub\game-of-life\GameOfLife\Debug\mt.read.1.tlog
C:\Users\ACiertz\Documents\GitHub\game-of-life\GameOfLife\Debug\mt.write.1.tlog
C:\Users\ACiertz\Documents\GitHub\game-of-life\GameOfLife\Debug\rc.command.1.tlog
C:\Users\ACiertz\Documents\GitHub\game-of-life\GameOfLife\Debug\rc.read.1.tlog
C:\Users\ACiertz\Documents\GitHub\game-of-life\GameOfLife\Debug\rc.write.1.tlog
C:\Users\ACiertz\Documents\GitHub\game-of-life\GameOfLife\Debug\vc100.idb
C:\USERS\ACIERTZ\DOCUMENTS\GITHUB\GAME-OF-LIFE\GAMEOFLIFE\DEBUG\VC100.PDB
